<?xml version="1.0" encoding="UTF-8"?>
<!-- Generated by org.testng.reporters.JUnitReportReporter -->
<testsuite hostname="DESKTOP-3G4CHJS" failures="0" tests="1" name="org.testCases.TC001_AccoutRegistratonTest" time="3.487" errors="0" timestamp="2025-07-08T16:14:56 IST" skipped="0">
  <testcase classname="org.testCases.TC001_AccoutRegistratonTest" name="verifyAccountRegistration" time="3.487"/>
</testsuite> <!-- org.testCases.TC001_AccoutRegistratonTest -->
