<?xml version="1.0" encoding="UTF-8"?>
<!-- Generated by org.testng.reporters.JUnitReportReporter -->
<testsuite hostname="DESKTOP-3G4CHJS" failures="0" tests="1" name="org.testCases.TC001_AccoutRegistratonTest" time="2.960" errors="0" timestamp="2025-07-08T16:56:06 IST" skipped="0">
  <testcase classname="org.testCases.TC001_AccoutRegistratonTest" name="verifyAccountRegistration" time="2.960"/>
</testsuite> <!-- org.testCases.TC001_AccoutRegistratonTest -->
